<?xml version="1.0" encoding="UTF-8"?>
<!-- Generated by org.testng.reporters.JUnitReportReporter -->
<testsuite hostname="abdulraheemPC" failures="0" tests="2" name="codenboxautomationlab1.codenboxautomationlab1.AppTest" time="2.178" errors="0" timestamp="2025-04-21T18:44:18 EET" skipped="1">
  <testcase classname="codenboxautomationlab1.codenboxautomationlab1.AppTest" name="Dynamic_Dropdown" time="2.178"/>
  <testcase classname="codenboxautomationlab1.codenboxautomationlab1.AppTest" name="RadioButton">
    <skipped/>
  </testcase> <!-- RadioButton -->
</testsuite> <!-- codenboxautomationlab1.codenboxautomationlab1.AppTest -->
